#
# A fatal error has been detected by the Java Runtime Environment:
#
#  SIGSEGV (0xb) at pc=0x00007f887fcfaca7, pid=28803, tid=140223910467328
#
# JRE version: 7.0_25-b30
# Java VM: OpenJDK 64-Bit Server VM (23.7-b01 mixed mode linux-amd64 compressed oops)
# Problematic frame:
# V  [libjvm.so+0x528ca7]  java_lang_String::length(oopDesc*) [clone .part.113]+0x37
#
# Failed to write core dump. Core dumps have been disabled. To enable core dumping, try "ulimit -c unlimited" before starting Java again
#
# If you would like to submit a bug report, please include
# instructions on how to reproduce the bug and visit:
#   https://bugs.launchpad.net/ubuntu/+source/openjdk-7/
#

---------------  T H R E A D  ---------------

Current thread (0x00007f887811a000):  JavaThread "JDWP Transport Listener: dt_socket" daemon [_thread_in_vm, id=28822, stack(0x00007f886c4f5000,0x00007f886c5f6000)]

siginfo:si_signo=SIGSEGV: si_errno=0, si_code=1 (SEGV_MAPERR), si_addr=0x000000000000000c

Registers:
RAX=0x0000000000000000, RBX=0x0000000000000000, RCX=0x00007f88808bd2e0, RDX=0x000000000000000c
RSP=0x00007f886c5f4a70, RBP=0x00007f886c5f4a70, RSI=0x0000000000000006, RDI=0x00000000e1865c60
R8 =0x0000000000000008, R9 =0x0101010101010101, R10=0x000000000000000a, R11=0x00007f8880b528ca
R12=0x0000000000000001, R13=0x0000000000000000, R14=0x00007f886c5f4be0, R15=0x0000000000000000
RIP=0x00007f887fcfaca7, EFLAGS=0x0000000000010246, CSGSFS=0x00b7000000000033, ERR=0x0000000000000004
  TRAPNO=0x000000000000000e

Top of Stack: (sp=0x00007f886c5f4a70)
0x00007f886c5f4a70:   00007f886c5f4aa0 00007f887fcfb985
0x00007f886c5f4a80:   00007f887811a000 00007f887811a000
0x00007f886c5f4a90:   00000000e1865c60 00007f8840003750
0x00007f886c5f4aa0:   00007f886c5f4b10 00007f887fd06612
0x00007f886c5f4ab0:   00007f887e96dec0 0000000000000000
0x00007f886c5f4ac0:   00007f887811a000 0000000000000000
0x00007f886c5f4ad0:   00007f8840003750 00007f886c5f4bb0
0x00007f886c5f4ae0:   00007f887811a000 00007f887811a1d8
0x00007f886c5f4af0:   00007f887e96dec0 00007f8840003750
0x00007f886c5f4b00:   00007f886c5f4be0 000000000000000a
0x00007f886c5f4b10:   00007f886c5f4b50 00007f887e73c012
0x00007f886c5f4b20:   000000000000000a 0000000000010a00
0x00007f886c5f4b30:   000000000000000a 0000000000000001
0x00007f886c5f4b40:   00007f887e96dec0 000000000000000a
0x00007f886c5f4b50:   00007f886c5f4da0 00007f887e7447c0
0x00007f886c5f4b60:   0000035800000013 01007f8838010a00
0x00007f886c5f4b70:   00007f8838000c00 0000000000000000
0x00007f886c5f4b80:   00007f88806b0119 00007f887811a000
0x00007f886c5f4b90:   0000035800000013 01007f8838010a00
0x00007f886c5f4ba0:   00007f8838000c00 00007f887fdb9380
0x00007f886c5f4bb0:   00007f8838000c08 000000000000000b
0x00007f886c5f4bc0:   0000035800000013 01007f8838010a00
0x00007f886c5f4bd0:   00007f8838000c00 00007f8840004d20
0x00007f886c5f4be0:   00007f886c5f4c30 00007f880000012c
0x00007f886c5f4bf0:   00007f886c5f4bf8 0000000000000000
0x00007f886c5f4c00:   00007f886c5f4c30 0000000000000000
0x00007f886c5f4c10:   00007f0000000000 000003580000000f
0x00007f886c5f4c20:   00007f880000e680 00007f886c5f4c30
0x00007f886c5f4c30:   6e69616d31000000 0000000100002312
0x00007f886c5f4c40:   7f00001200000000 000000c054004088
0x00007f886c5f4c50:   0000000900000000 0000010100230000
0x00007f886c5f4c60:   00001e0000000000 0000985a0040887f 

Instructions: (pc=0x00007f887fcfaca7)
0x00007f887fcfac87:   8b 14 07 31 c0 85 d2 74 12 89 d0 48 8b 15 8f 16
0x00007f887fcfac97:   74 00 8b 4a 08 48 d3 e0 48 03 02 ba 0c 00 00 00
0x00007f887fcfaca7:   8b 04 10 5d c3 0f 1f 40 00 48 8b 04 07 ba 10 00
0x00007f887fcfacb7:   00 00 5d 8b 04 10 c3 66 90 55 48 89 d0 48 89 ca 

Register to memory mapping:

RAX=0x0000000000000000 is an unknown value
RBX=0x0000000000000000 is an unknown value
RCX=0x00007f88808bd2e0: <offset 0x2182e0> in /lib/x86_64-linux-gnu/libpthread.so.0 at 0x00007f88806a5000
RDX=0x000000000000000c is an unknown value
RSP=0x00007f886c5f4a70 is pointing into the stack for thread: 0x00007f887811a000
RBP=0x00007f886c5f4a70 is pointing into the stack for thread: 0x00007f887811a000
RSI=0x0000000000000006 is an unknown value
RDI=0x00000000e1865c60 is an oop
java.lang.String 
 - klass: 'java/lang/String'
R8 =0x0000000000000008 is an unknown value
R9 =0x0101010101010101 is an unknown value
R10=0x000000000000000a is an unknown value
R11=0x00007f8880b528ca: <offset 0x8c8ca> in /lib/x86_64-linux-gnu/libc.so.6 at 0x00007f8880ac6000
R12=0x0000000000000001 is an unknown value
R13=0x0000000000000000 is an unknown value
R14=0x00007f886c5f4be0 is pointing into the stack for thread: 0x00007f887811a000
R15=0x0000000000000000 is an unknown value


Stack: [0x00007f886c4f5000,0x00007f886c5f6000],  sp=0x00007f886c5f4a70,  free space=1022k
Native frames: (J=compiled Java code, j=interpreted, Vv=VM code, C=native code)
V  [libjvm.so+0x528ca7]  java_lang_String::length(oopDesc*) [clone .part.113]+0x37
V  [libjvm.so+0x529985]  java_lang_String::utf8_length(oopDesc*)+0xa5
V  [libjvm.so+0x534612]  jni_GetStringUTFChars+0x82
C  [libjdwp.so+0x9012]  getenv+0x9012
C  [libjdwp.so+0x117c0]  Agent_OnLoad+0x2970
C  [libjdwp.so+0x235ae]  Agent_OnLoad+0x1475e
V  [libjvm.so+0x5e28fb]  JvmtiAgentThread::call_start_function()+0x9b
V  [libjvm.so+0x80f7c2]  JavaThread::thread_main_inner()+0xf2
V  [libjvm.so+0x6f3312]  java_start(Thread*)+0xf2


---------------  P R O C E S S  ---------------

Java Threads: ( => current thread )
  0x00007f8878125000 JavaThread "Service Thread" daemon [_thread_blocked, id=28830, stack(0x00007f8867eff000,0x00007f8868000000)]
  0x00007f8878123000 JavaThread "C2 CompilerThread1" daemon [_thread_blocked, id=28829, stack(0x00007f886c0f1000,0x00007f886c1f2000)]
  0x00007f8878120000 JavaThread "C2 CompilerThread0" daemon [_thread_blocked, id=28828, stack(0x00007f886c1f2000,0x00007f886c2f3000)]
  0x00007f8840001000 JavaThread "JDWP Command Reader" daemon [_thread_in_native, id=28824, stack(0x00007f886c2f3000,0x00007f886c3f4000)]
  0x00007f887811d800 JavaThread "JDWP Event Helper Thread" daemon [_thread_blocked, id=28823, stack(0x00007f886c3f4000,0x00007f886c4f5000)]
=>0x00007f887811a000 JavaThread "JDWP Transport Listener: dt_socket" daemon [_thread_in_vm, id=28822, stack(0x00007f886c4f5000,0x00007f886c5f6000)]
  0x00007f887810d000 JavaThread "Signal Dispatcher" daemon [_thread_blocked, id=28820, stack(0x00007f886c7fb000,0x00007f886c8fc000)]
  0x00007f88780b4800 JavaThread "Finalizer" daemon [_thread_blocked, id=28819, stack(0x00007f886c8fc000,0x00007f886c9fd000)]
  0x00007f88780b2000 JavaThread "Reference Handler" daemon [_thread_blocked, id=28818, stack(0x00007f886c9fd000,0x00007f886cafe000)]
  0x00007f887800b800 JavaThread "main" [_thread_blocked, id=28810, stack(0x00007f8881195000,0x00007f8881296000)]

Other Threads:
  0x00007f88780aa000 VMThread [stack: 0x00007f886cafe000,0x00007f886cbff000] [id=28817]
  0x00007f8878130000 WatcherThread [stack: 0x00007f8867dfe000,0x00007f8867eff000] [id=28831]

VM state:not at safepoint (normal execution)

VM Mutex/Monitor currently owned by a thread: None

Heap
 PSYoungGen      total 27328K, used 1405K [0x00000000e1760000, 0x00000000e35e0000, 0x0000000100000000)
  eden space 23424K, 6% used [0x00000000e1760000,0x00000000e18bf6f8,0x00000000e2e40000)
  from space 3904K, 0% used [0x00000000e3210000,0x00000000e3210000,0x00000000e35e0000)
  to   space 3904K, 0% used [0x00000000e2e40000,0x00000000e2e40000,0x00000000e3210000)
 ParOldGen       total 62592K, used 0K [0x00000000a4600000, 0x00000000a8320000, 0x00000000e1760000)
  object space 62592K, 0% used [0x00000000a4600000,0x00000000a4600000,0x00000000a8320000)
 PSPermGen       total 21248K, used 3471K [0x000000009a000000, 0x000000009b4c0000, 0x00000000a4600000)
  object space 21248K, 16% used [0x000000009a000000,0x000000009a363c78,0x000000009b4c0000)

Card table byte_map: [0x00007f887d4f0000,0x00007f887d821000] byte_map_base: 0x00007f887d020000

Polling page: 0x00007f88812bb000

Code Cache  [0x00007f8875000000, 0x00007f8875270000, 0x00007f8878000000)
 total_blobs=178 nmethods=1 adapters=138 free_code_cache=48771Kb largest_free_block=49927680

Compilation events (2 events):
Event: 0.644 Thread 0x00007f8878120000    1             java.lang.String::hashCode (55 bytes)
Event: 0.653 Thread 0x00007f8878120000 nmethod 1 0x00007f887505f390 code [0x00007f887505f4e0, 0x00007f887505f678]

GC Heap History (0 events):
No events

Deoptimization events (0 events):
No events

Internal exceptions (10 events):
Event: 0.643 Thread 0x00007f887800b800 Threw 0x00000000e184f7f8 at /build/buildd/openjdk-7-7u25-2.3.10/build/openjdk/hotspot/src/share/vm/prims/jvm.cpp:1235
Event: 0.643 Thread 0x00007f887800b800 Threw 0x00000000e184f920 at /build/buildd/openjdk-7-7u25-2.3.10/build/openjdk/hotspot/src/share/vm/prims/jvm.cpp:1235
Event: 0.643 Thread 0x00007f887800b800 Threw 0x00000000e18517a8 at /build/buildd/openjdk-7-7u25-2.3.10/build/openjdk/hotspot/src/share/vm/prims/jvm.cpp:1235
Event: 0.643 Thread 0x00007f887800b800 Threw 0x00000000e18518d0 at /build/buildd/openjdk-7-7u25-2.3.10/build/openjdk/hotspot/src/share/vm/prims/jvm.cpp:1235
Event: 0.643 Thread 0x00007f887800b800 Threw 0x00000000e1852260 at /build/buildd/openjdk-7-7u25-2.3.10/build/openjdk/hotspot/src/share/vm/prims/jvm.cpp:1235
Event: 0.643 Thread 0x00007f887800b800 Threw 0x00000000e1852388 at /build/buildd/openjdk-7-7u25-2.3.10/build/openjdk/hotspot/src/share/vm/prims/jvm.cpp:1235
Event: 0.644 Thread 0x00007f887800b800 Threw 0x00000000e1853560 at /build/buildd/openjdk-7-7u25-2.3.10/build/openjdk/hotspot/src/share/vm/prims/jvm.cpp:1235
Event: 0.644 Thread 0x00007f887800b800 Threw 0x00000000e1853688 at /build/buildd/openjdk-7-7u25-2.3.10/build/openjdk/hotspot/src/share/vm/prims/jvm.cpp:1235
Event: 0.644 Thread 0x00007f887800b800 Threw 0x00000000e1853f78 at /build/buildd/openjdk-7-7u25-2.3.10/build/openjdk/hotspot/src/share/vm/prims/jvm.cpp:1235
Event: 0.644 Thread 0x00007f887800b800 Threw 0x00000000e18540a0 at /build/buildd/openjdk-7-7u25-2.3.10/build/openjdk/hotspot/src/share/vm/prims/jvm.cpp:1235

Events (10 events):
Event: 30.425 Executing VM operation: EnterInterpOnlyMode
Event: 30.425 Executing VM operation: EnterInterpOnlyMode done
Event: 30.425 Executing VM operation: GetCurrentLocation
Event: 30.425 Executing VM operation: GetCurrentLocation done
Event: 30.425 Executing VM operation: ChangeSingleStep
Event: 30.425 Executing VM operation: ChangeSingleStep done
Event: 30.426 Executing VM operation: ChangeSingleStep
Event: 30.426 Executing VM operation: ChangeSingleStep done
Event: 30.432 Executing VM operation: GetOrSetLocal
Event: 30.432 Executing VM operation: GetOrSetLocal done


Dynamic libraries:
00400000-00401000 r-xp 00000000 08:06 3413921                            /usr/lib/jvm/java-7-openjdk-amd64/jre/bin/java
00600000-00601000 r--p 00000000 08:06 3413921                            /usr/lib/jvm/java-7-openjdk-amd64/jre/bin/java
00601000-00602000 rw-p 00001000 08:06 3413921                            /usr/lib/jvm/java-7-openjdk-amd64/jre/bin/java
01f6f000-01f90000 rw-p 00000000 00:00 0                                  [heap]
9a000000-9b4c0000 rw-p 00000000 00:00 0 
9b4c0000-a4600000 rw-p 00000000 00:00 0 
a4600000-a8320000 rw-p 00000000 00:00 0 
a8320000-e1760000 rw-p 00000000 00:00 0 
e1760000-e35e0000 rw-p 00000000 00:00 0 
e35e0000-100000000 rw-p 00000000 00:00 0 
7f8828000000-7f8828021000 rw-p 00000000 00:00 0 
7f8828021000-7f882c000000 ---p 00000000 00:00 0 
7f8830000000-7f8830021000 rw-p 00000000 00:00 0 
7f8830021000-7f8834000000 ---p 00000000 00:00 0 
7f8834000000-7f8834021000 rw-p 00000000 00:00 0 
7f8834021000-7f8838000000 ---p 00000000 00:00 0 
7f8838000000-7f8838021000 rw-p 00000000 00:00 0 
7f8838021000-7f883c000000 ---p 00000000 00:00 0 
7f883c000000-7f883c066000 rw-p 00000000 00:00 0 
7f883c066000-7f8840000000 ---p 00000000 00:00 0 
7f8840000000-7f8840021000 rw-p 00000000 00:00 0 
7f8840021000-7f8844000000 ---p 00000000 00:00 0 
7f8844000000-7f8844021000 rw-p 00000000 00:00 0 
7f8844021000-7f8848000000 ---p 00000000 00:00 0 
7f8848000000-7f8848021000 rw-p 00000000 00:00 0 
7f8848021000-7f884c000000 ---p 00000000 00:00 0 
7f884c000000-7f884c021000 rw-p 00000000 00:00 0 
7f884c021000-7f8850000000 ---p 00000000 00:00 0 
7f8850000000-7f8850021000 rw-p 00000000 00:00 0 
7f8850021000-7f8854000000 ---p 00000000 00:00 0 
7f8854000000-7f8854021000 rw-p 00000000 00:00 0 
7f8854021000-7f8858000000 ---p 00000000 00:00 0 
7f8858000000-7f8858021000 rw-p 00000000 00:00 0 
7f8858021000-7f885c000000 ---p 00000000 00:00 0 
7f8860000000-7f8860021000 rw-p 00000000 00:00 0 
7f8860021000-7f8864000000 ---p 00000000 00:00 0 
7f8867cba000-7f8867dfe000 rw-p 00000000 00:00 0 
7f8867dfe000-7f8867dff000 ---p 00000000 00:00 0 
7f8867dff000-7f8867eff000 rw-p 00000000 00:00 0                          [stack:28831]
7f8867eff000-7f8867f02000 ---p 00000000 00:00 0 
7f8867f02000-7f8868000000 rw-p 00000000 00:00 0                          [stack:28830]
7f8868000000-7f8868021000 rw-p 00000000 00:00 0 
7f8868021000-7f886c000000 ---p 00000000 00:00 0 
7f886c0f1000-7f886c0f4000 ---p 00000000 00:00 0 
7f886c0f4000-7f886c1f2000 rw-p 00000000 00:00 0                          [stack:28829]
7f886c1f2000-7f886c1f5000 ---p 00000000 00:00 0 
7f886c1f5000-7f886c2f3000 rw-p 00000000 00:00 0                          [stack:28828]
7f886c2f3000-7f886c2f6000 ---p 00000000 00:00 0 
7f886c2f6000-7f886c3f4000 rw-p 00000000 00:00 0                          [stack:28824]
7f886c3f4000-7f886c3f7000 ---p 00000000 00:00 0 
7f886c3f7000-7f886c4f5000 rw-p 00000000 00:00 0                          [stack:28823]
7f886c4f5000-7f886c4f8000 ---p 00000000 00:00 0 
7f886c4f8000-7f886c5f6000 rw-p 00000000 00:00 0                          [stack:28822]
7f886c5f6000-7f886c5fa000 r-xp 00000000 08:06 3413917                    /usr/lib/jvm/java-7-openjdk-amd64/jre/lib/amd64/libdt_socket.so
7f886c5fa000-7f886c7f9000 ---p 00004000 08:06 3413917                    /usr/lib/jvm/java-7-openjdk-amd64/jre/lib/amd64/libdt_socket.so
7f886c7f9000-7f886c7fa000 r--p 00003000 08:06 3413917                    /usr/lib/jvm/java-7-openjdk-amd64/jre/lib/amd64/libdt_socket.so
7f886c7fa000-7f886c7fb000 rw-p 00004000 08:06 3413917                    /usr/lib/jvm/java-7-openjdk-amd64/jre/lib/amd64/libdt_socket.so
7f886c7fb000-7f886c7fe000 ---p 00000000 00:00 0 
7f886c7fe000-7f886c8fc000 rw-p 00000000 00:00 0                          [stack:28820]
7f886c8fc000-7f886c8ff000 ---p 00000000 00:00 0 
7f886c8ff000-7f886c9fd000 rw-p 00000000 00:00 0                          [stack:28819]
7f886c9fd000-7f886ca00000 ---p 00000000 00:00 0 
7f886ca00000-7f886cafe000 rw-p 00000000 00:00 0                          [stack:28818]
7f886cafe000-7f886caff000 ---p 00000000 00:00 0 
7f886caff000-7f8870000000 rw-p 00000000 00:00 0                          [stack:28817]
7f8870000000-7f8870021000 rw-p 00000000 00:00 0 
7f8870021000-7f8874000000 ---p 00000000 00:00 0 
7f8874019000-7f8875000000 rw-p 00000000 00:00 0 
7f8875000000-7f8875270000 rwxp 00000000 00:00 0 
7f8875270000-7f88781ff000 rw-p 00000000 00:00 0 
7f88781ff000-7f887c000000 ---p 00000000 00:00 0 
7f887c01b000-7f887c1c8000 r--s 01cec000 08:06 3413882                    /usr/lib/jvm/java-7-openjdk-amd64/jre/lib/rt.jar
7f887c1c8000-7f887ceb0000 rw-p 00000000 00:00 0 
7f887ceb0000-7f887ceb1000 ---p 00000000 00:00 0 
7f887ceb1000-7f887cfb1000 rw-p 00000000 00:00 0                          [stack:28816]
7f887cfb1000-7f887cfb2000 ---p 00000000 00:00 0 
7f887cfb2000-7f887d0b2000 rw-p 00000000 00:00 0                          [stack:28815]
7f887d0b2000-7f887d0b3000 ---p 00000000 00:00 0 
7f887d0b3000-7f887d1b3000 rw-p 00000000 00:00 0                          [stack:28814]
7f887d1b3000-7f887d1b4000 ---p 00000000 00:00 0 
7f887d1b4000-7f887d2bf000 rw-p 00000000 00:00 0                          [stack:28813]
7f887d2bf000-7f887d307000 rw-p 00000000 00:00 0 
7f887d307000-7f887d326000 rw-p 00000000 00:00 0 
7f887d326000-7f887d4f0000 rw-p 00000000 00:00 0 
7f887d4f0000-7f887d4fb000 rw-p 00000000 00:00 0 
7f887d4fb000-7f887d543000 rw-p 00000000 00:00 0 
7f887d543000-7f887d562000 rw-p 00000000 00:00 0 
7f887d562000-7f887d72b000 rw-p 00000000 00:00 0 
7f887d72b000-7f887d73b000 rw-p 00000000 00:00 0 
7f887d73b000-7f887d820000 rw-p 00000000 00:00 0 
7f887d820000-7f887d821000 rw-p 00000000 00:00 0 
7f887d821000-7f887d829000 r-xp 00000000 08:06 3413919                    /usr/lib/jvm/java-7-openjdk-amd64/jre/lib/amd64/libzip.so
7f887d829000-7f887da28000 ---p 00008000 08:06 3413919                    /usr/lib/jvm/java-7-openjdk-amd64/jre/lib/amd64/libzip.so
7f887da28000-7f887da29000 r--p 00007000 08:06 3413919                    /usr/lib/jvm/java-7-openjdk-amd64/jre/lib/amd64/libzip.so
7f887da29000-7f887da2a000 rw-p 00008000 08:06 3413919                    /usr/lib/jvm/java-7-openjdk-amd64/jre/lib/amd64/libzip.so
7f887da2a000-7f887da36000 r-xp 00000000 08:06 1054587                    /lib/x86_64-linux-gnu/libnss_files-2.17.so
7f887da36000-7f887dc35000 ---p 0000c000 08:06 1054587                    /lib/x86_64-linux-gnu/libnss_files-2.17.so
7f887dc35000-7f887dc36000 r--p 0000b000 08:06 1054587                    /lib/x86_64-linux-gnu/libnss_files-2.17.so
7f887dc36000-7f887dc37000 rw-p 0000c000 08:06 1054587                    /lib/x86_64-linux-gnu/libnss_files-2.17.so
7f887dc37000-7f887dc42000 r-xp 00000000 08:06 1054583                    /lib/x86_64-linux-gnu/libnss_nis-2.17.so
7f887dc42000-7f887de41000 ---p 0000b000 08:06 1054583                    /lib/x86_64-linux-gnu/libnss_nis-2.17.so
7f887de41000-7f887de42000 r--p 0000a000 08:06 1054583                    /lib/x86_64-linux-gnu/libnss_nis-2.17.so
7f887de42000-7f887de43000 rw-p 0000b000 08:06 1054583                    /lib/x86_64-linux-gnu/libnss_nis-2.17.so
7f887de43000-7f887de5a000 r-xp 00000000 08:06 1049250                    /lib/x86_64-linux-gnu/libnsl-2.17.so
7f887de5a000-7f887e059000 ---p 00017000 08:06 1049250                    /lib/x86_64-linux-gnu/libnsl-2.17.so
7f887e059000-7f887e05a000 r--p 00016000 08:06 1049250                    /lib/x86_64-linux-gnu/libnsl-2.17.so
7f887e05a000-7f887e05b000 rw-p 00017000 08:06 1049250                    /lib/x86_64-linux-gnu/libnsl-2.17.so
7f887e05b000-7f887e05d000 rw-p 00000000 00:00 0 
7f887e05d000-7f887e065000 r-xp 00000000 08:06 1054578                    /lib/x86_64-linux-gnu/libnss_compat-2.17.so
7f887e065000-7f887e264000 ---p 00008000 08:06 1054578                    /lib/x86_64-linux-gnu/libnss_compat-2.17.so
7f887e264000-7f887e265000 r--p 00007000 08:06 1054578                    /lib/x86_64-linux-gnu/libnss_compat-2.17.so
7f887e265000-7f887e266000 rw-p 00008000 08:06 1054578                    /lib/x86_64-linux-gnu/libnss_compat-2.17.so
7f887e266000-7f887e52f000 r--p 00000000 08:06 3276972                    /usr/lib/locale/locale-archive
7f887e52f000-7f887e532000 r-xp 00000000 08:06 3413886                    /usr/lib/jvm/java-7-openjdk-amd64/jre/lib/amd64/libnpt.so
7f887e532000-7f887e731000 ---p 00003000 08:06 3413886                    /usr/lib/jvm/java-7-openjdk-amd64/jre/lib/amd64/libnpt.so
7f887e731000-7f887e732000 r--p 00002000 08:06 3413886                    /usr/lib/jvm/java-7-openjdk-amd64/jre/lib/amd64/libnpt.so
7f887e732000-7f887e733000 rw-p 00003000 08:06 3413886                    /usr/lib/jvm/java-7-openjdk-amd64/jre/lib/amd64/libnpt.so
7f887e733000-7f887e76d000 r-xp 00000000 08:06 3413891                    /usr/lib/jvm/java-7-openjdk-amd64/jre/lib/amd64/libjdwp.so
7f887e76d000-7f887e96c000 ---p 0003a000 08:06 3413891                    /usr/lib/jvm/java-7-openjdk-amd64/jre/lib/amd64/libjdwp.so
7f887e96c000-7f887e96d000 r--p 00039000 08:06 3413891                    /usr/lib/jvm/java-7-openjdk-amd64/jre/lib/amd64/libjdwp.so
7f887e96d000-7f887e96e000 rw-p 0003a000 08:06 3413891                    /usr/lib/jvm/java-7-openjdk-amd64/jre/lib/amd64/libjdwp.so
7f887e96e000-7f887e999000 r-xp 00000000 08:06 3413904                    /usr/lib/jvm/java-7-openjdk-amd64/jre/lib/amd64/libjava.so
7f887e999000-7f887eb98000 ---p 0002b000 08:06 3413904                    /usr/lib/jvm/java-7-openjdk-amd64/jre/lib/amd64/libjava.so
7f887eb98000-7f887eb99000 r--p 0002a000 08:06 3413904                    /usr/lib/jvm/java-7-openjdk-amd64/jre/lib/amd64/libjava.so
7f887eb99000-7f887eb9b000 rw-p 0002b000 08:06 3413904                    /usr/lib/jvm/java-7-openjdk-amd64/jre/lib/amd64/libjava.so
7f887eb9b000-7f887ebaa000 r-xp 00000000 08:06 3413903                    /usr/lib/jvm/java-7-openjdk-amd64/jre/lib/amd64/libverify.so
7f887ebaa000-7f887eda9000 ---p 0000f000 08:06 3413903                    /usr/lib/jvm/java-7-openjdk-amd64/jre/lib/amd64/libverify.so
7f887eda9000-7f887edab000 r--p 0000e000 08:06 3413903                    /usr/lib/jvm/java-7-openjdk-amd64/jre/lib/amd64/libverify.so
7f887edab000-7f887edac000 rw-p 00010000 08:06 3413903                    /usr/lib/jvm/java-7-openjdk-amd64/jre/lib/amd64/libverify.so
7f887edac000-7f887edb3000 r-xp 00000000 08:06 1049246                    /lib/x86_64-linux-gnu/librt-2.17.so
7f887edb3000-7f887efb2000 ---p 00007000 08:06 1049246                    /lib/x86_64-linux-gnu/librt-2.17.so
7f887efb2000-7f887efb3000 r--p 00006000 08:06 1049246                    /lib/x86_64-linux-gnu/librt-2.17.so
7f887efb3000-7f887efb4000 rw-p 00007000 08:06 1049246                    /lib/x86_64-linux-gnu/librt-2.17.so
7f887efb4000-7f887efc8000 r-xp 00000000 08:06 1052254                    /lib/x86_64-linux-gnu/libgcc_s.so.1
7f887efc8000-7f887f1c8000 ---p 00014000 08:06 1052254                    /lib/x86_64-linux-gnu/libgcc_s.so.1
7f887f1c8000-7f887f1c9000 r--p 00014000 08:06 1052254                    /lib/x86_64-linux-gnu/libgcc_s.so.1
7f887f1c9000-7f887f1ca000 rw-p 00015000 08:06 1052254                    /lib/x86_64-linux-gnu/libgcc_s.so.1
7f887f1ca000-7f887f2cd000 r-xp 00000000 08:06 1054581                    /lib/x86_64-linux-gnu/libm-2.17.so
7f887f2cd000-7f887f4cd000 ---p 00103000 08:06 1054581                    /lib/x86_64-linux-gnu/libm-2.17.so
7f887f4cd000-7f887f4ce000 r--p 00103000 08:06 1054581                    /lib/x86_64-linux-gnu/libm-2.17.so
7f887f4ce000-7f887f4cf000 rw-p 00104000 08:06 1054581                    /lib/x86_64-linux-gnu/libm-2.17.so
7f887f4cf000-7f887f5b4000 r-xp 00000000 08:06 3277151                    /usr/lib/x86_64-linux-gnu/libstdc++.so.6.0.17
7f887f5b4000-7f887f7b3000 ---p 000e5000 08:06 3277151                    /usr/lib/x86_64-linux-gnu/libstdc++.so.6.0.17
7f887f7b3000-7f887f7bb000 r--p 000e4000 08:06 3277151                    /usr/lib/x86_64-linux-gnu/libstdc++.so.6.0.17
7f887f7bb000-7f887f7bd000 rw-p 000ec000 08:06 3277151                    /usr/lib/x86_64-linux-gnu/libstdc++.so.6.0.17
7f887f7bd000-7f887f7d2000 rw-p 00000000 00:00 0 
7f887f7d2000-7f88801c2000 r-xp 00000000 08:06 3413908                    /usr/lib/jvm/java-7-openjdk-amd64/jre/lib/amd64/server/libjvm.so
7f88801c2000-7f88803c1000 ---p 009f0000 08:06 3413908                    /usr/lib/jvm/java-7-openjdk-amd64/jre/lib/amd64/server/libjvm.so
7f88803c1000-7f8880440000 r--p 009ef000 08:06 3413908                    /usr/lib/jvm/java-7-openjdk-amd64/jre/lib/amd64/server/libjvm.so
7f8880440000-7f8880463000 rw-p 00a6e000 08:06 3413908                    /usr/lib/jvm/java-7-openjdk-amd64/jre/lib/amd64/server/libjvm.so
7f8880463000-7f888048e000 rw-p 00000000 00:00 0 
7f888048e000-7f88804a4000 r-xp 00000000 08:06 1048685                    /lib/x86_64-linux-gnu/libz.so.1.2.7
7f88804a4000-7f88806a3000 ---p 00016000 08:06 1048685                    /lib/x86_64-linux-gnu/libz.so.1.2.7
7f88806a3000-7f88806a4000 r--p 00015000 08:06 1048685                    /lib/x86_64-linux-gnu/libz.so.1.2.7
7f88806a4000-7f88806a5000 rw-p 00016000 08:06 1048685                    /lib/x86_64-linux-gnu/libz.so.1.2.7
7f88806a5000-7f88806bd000 r-xp 00000000 08:06 1054580                    /lib/x86_64-linux-gnu/libpthread-2.17.so
7f88806bd000-7f88808bc000 ---p 00018000 08:06 1054580                    /lib/x86_64-linux-gnu/libpthread-2.17.so
7f88808bc000-7f88808bd000 r--p 00017000 08:06 1054580                    /lib/x86_64-linux-gnu/libpthread-2.17.so
7f88808bd000-7f88808be000 rw-p 00018000 08:06 1054580                    /lib/x86_64-linux-gnu/libpthread-2.17.so
7f88808be000-7f88808c2000 rw-p 00000000 00:00 0 
7f88808c2000-7f88808c5000 r-xp 00000000 08:06 1054576                    /lib/x86_64-linux-gnu/libdl-2.17.so
7f88808c5000-7f8880ac4000 ---p 00003000 08:06 1054576                    /lib/x86_64-linux-gnu/libdl-2.17.so
7f8880ac4000-7f8880ac5000 r--p 00002000 08:06 1054576                    /lib/x86_64-linux-gnu/libdl-2.17.so
7f8880ac5000-7f8880ac6000 rw-p 00003000 08:06 1054576                    /lib/x86_64-linux-gnu/libdl-2.17.so
7f8880ac6000-7f8880c84000 r-xp 00000000 08:06 1054575                    /lib/x86_64-linux-gnu/libc-2.17.so
7f8880c84000-7f8880e83000 ---p 001be000 08:06 1054575                    /lib/x86_64-linux-gnu/libc-2.17.so
7f8880e83000-7f8880e87000 r--p 001bd000 08:06 1054575                    /lib/x86_64-linux-gnu/libc-2.17.so
7f8880e87000-7f8880e89000 rw-p 001c1000 08:06 1054575                    /lib/x86_64-linux-gnu/libc-2.17.so
7f8880e89000-7f8880e8e000 rw-p 00000000 00:00 0 
7f8880e8e000-7f8880e9b000 r-xp 00000000 08:06 3413887                    /usr/lib/jvm/java-7-openjdk-amd64/jre/lib/amd64/jli/libjli.so
7f8880e9b000-7f888109a000 ---p 0000d000 08:06 3413887                    /usr/lib/jvm/java-7-openjdk-amd64/jre/lib/amd64/jli/libjli.so
7f888109a000-7f888109b000 r--p 0000c000 08:06 3413887                    /usr/lib/jvm/java-7-openjdk-amd64/jre/lib/amd64/jli/libjli.so
7f888109b000-7f888109c000 rw-p 0000d000 08:06 3413887                    /usr/lib/jvm/java-7-openjdk-amd64/jre/lib/amd64/jli/libjli.so
7f888109c000-7f88810bf000 r-xp 00000000 08:06 1052387                    /lib/x86_64-linux-gnu/ld-2.17.so
7f88810cc000-7f88810d5000 r--s 000bc000 08:06 3409751                    /usr/lib/jvm/java-7-openjdk-common/jre/lib/resources.jar
7f88810d5000-7f88810df000 rw-p 00000000 00:00 0 
7f88810df000-7f8881195000 rw-p 00000000 00:00 0 
7f8881195000-7f8881198000 ---p 00000000 00:00 0 
7f8881198000-7f888129b000 rw-p 00000000 00:00 0                          [stack:28810]
7f888129e000-7f88812a0000 rw-p 00000000 00:00 0 
7f88812a0000-7f88812a3000 r--s 00032000 08:06 3409754                    /usr/lib/jvm/java-7-openjdk-common/jre/lib/ext/sunjce_provider.jar
7f88812a3000-7f88812a5000 r--s 00006000 08:06 3674741                    /usr/share/java/java-atk-wrapper.jar
7f88812a5000-7f88812a8000 r--s 0003c000 08:06 3409752                    /usr/lib/jvm/java-7-openjdk-common/jre/lib/ext/sunpkcs11.jar
7f88812a8000-7f88812ab000 r--s 0000f000 08:06 3409756                    /usr/lib/jvm/java-7-openjdk-common/jre/lib/ext/pulse-java.jar
7f88812ab000-7f88812ac000 r--s 00002000 08:06 3409757                    /usr/lib/jvm/java-7-openjdk-common/jre/lib/ext/dnsns.jar
7f88812ac000-7f88812b0000 r--s 00085000 08:06 3409753                    /usr/lib/jvm/java-7-openjdk-common/jre/lib/ext/localedata.jar
7f88812b0000-7f88812b2000 r--s 00012000 08:06 3409762                    /usr/lib/jvm/java-7-openjdk-common/jre/lib/ext/zipfs.jar
7f88812b2000-7f88812ba000 rw-s 00000000 08:06 403964                     /tmp/hsperfdata_daniel/28803
7f88812ba000-7f88812bb000 rw-p 00000000 00:00 0 
7f88812bb000-7f88812bc000 r--p 00000000 00:00 0 
7f88812bc000-7f88812be000 rw-p 00000000 00:00 0 
7f88812be000-7f88812bf000 r--p 00022000 08:06 1052387                    /lib/x86_64-linux-gnu/ld-2.17.so
7f88812bf000-7f88812c1000 rw-p 00023000 08:06 1052387                    /lib/x86_64-linux-gnu/ld-2.17.so
7fffac9ee000-7fffaca0f000 rw-p 00000000 00:00 0                          [stack]
7fffacb70000-7fffacb72000 r-xp 00000000 00:00 0                          [vdso]
ffffffffff600000-ffffffffff601000 r-xp 00000000 00:00 0                  [vsyscall]

VM Arguments:
jvm_args: -agentlib:jdwp=transport=dt_socket,suspend=y,address=localhost:56744 -Dfile.encoding=UTF-8 
java_command: Main
Launcher Type: SUN_STANDARD

Environment Variables:
PATH=/usr/lib/lightdm/lightdm:/usr/local/sbin:/usr/local/bin:/usr/sbin:/usr/bin:/sbin:/bin:/usr/games:/usr/local/games
SHELL=/bin/bash
DISPLAY=:0

Signal Handlers:
SIGSEGV: [libjvm.so+0x84f410], sa_mask[0]=0x7ffbfeff, sa_flags=0x10000004
SIGBUS: [libjvm.so+0x84f410], sa_mask[0]=0x7ffbfeff, sa_flags=0x10000004
SIGFPE: [libjvm.so+0x6f19a0], sa_mask[0]=0x7ffbfeff, sa_flags=0x10000004
SIGPIPE: [libjvm.so+0x6f19a0], sa_mask[0]=0x7ffbfeff, sa_flags=0x10000004
SIGXFSZ: [libjvm.so+0x6f19a0], sa_mask[0]=0x7ffbfeff, sa_flags=0x10000004
SIGILL: [libjvm.so+0x6f19a0], sa_mask[0]=0x7ffbfeff, sa_flags=0x10000004
SIGUSR1: SIG_DFL, sa_mask[0]=0x00000000, sa_flags=0x00000000
SIGUSR2: [libjvm.so+0x6f1d70], sa_mask[0]=0x00000004, sa_flags=0x10000004
SIGHUP: [libjvm.so+0x6f1eb0], sa_mask[0]=0x7ffbfeff, sa_flags=0x10000004
SIGINT: [libjvm.so+0x6f1eb0], sa_mask[0]=0x7ffbfeff, sa_flags=0x10000004
SIGTERM: [libjvm.so+0x6f1eb0], sa_mask[0]=0x7ffbfeff, sa_flags=0x10000004
SIGQUIT: [libjvm.so+0x6f1eb0], sa_mask[0]=0x7ffbfeff, sa_flags=0x10000004


---------------  S Y S T E M  ---------------

OS:Ubuntu 13.04 (raring)
uname:Linux 3.8.0-32-generic #47-Ubuntu SMP Tue Oct 1 22:35:23 UTC 2013 x86_64
libc:glibc 2.17 NPTL 2.17 
rlimit: STACK 8192k, CORE 0k, NPROC 46738, NOFILE 4096, AS infinity
load average:0.56 0.45 0.56

/proc/meminfo:
MemTotal:        6001672 kB
MemFree:          119712 kB
Buffers:           10572 kB
Cached:           687552 kB
SwapCached:       214900 kB
Active:          4328792 kB
Inactive:        1206424 kB
Active(anon):    4169928 kB
Inactive(anon):  1041296 kB
Active(file):     158864 kB
Inactive(file):   165128 kB
Unevictable:         136 kB
Mlocked:             136 kB
SwapTotal:       6172668 kB
SwapFree:        3056784 kB
Dirty:               280 kB
Writeback:             0 kB
AnonPages:       4672832 kB
Mapped:           270660 kB
Shmem:            373996 kB
Slab:             157176 kB
SReclaimable:     107512 kB
SUnreclaim:        49664 kB
KernelStack:        7600 kB
PageTables:        96144 kB
NFS_Unstable:          0 kB
Bounce:                0 kB
WritebackTmp:          0 kB
CommitLimit:     9173504 kB
Committed_AS:   16673648 kB
VmallocTotal:   34359738367 kB
VmallocUsed:      356096 kB
VmallocChunk:   34359377904 kB
HardwareCorrupted:     0 kB
AnonHugePages:         0 kB
HugePages_Total:       0
HugePages_Free:        0
HugePages_Rsvd:        0
HugePages_Surp:        0
Hugepagesize:       2048 kB
DirectMap4k:       75776 kB
DirectMap2M:     6123520 kB


CPU:total 4 (2 cores per cpu, 2 threads per core) family 6 model 42 stepping 7, cmov, cx8, fxsr, mmx, sse, sse2, sse3, ssse3, sse4.1, sse4.2, popcnt, avx, ht, tsc, tscinvbit

/proc/cpuinfo:
processor	: 0
vendor_id	: GenuineIntel
cpu family	: 6
model		: 42
model name	: Intel(R) Core(TM) i3-2370M CPU @ 2.40GHz
stepping	: 7
microcode	: 0x26
cpu MHz		: 800.000
cache size	: 3072 KB
physical id	: 0
siblings	: 4
core id		: 0
cpu cores	: 2
apicid		: 0
initial apicid	: 0
fpu		: yes
fpu_exception	: yes
cpuid level	: 13
wp		: yes
flags		: fpu vme de pse tsc msr pae mce cx8 apic sep mtrr pge mca cmov pat pse36 clflush dts acpi mmx fxsr sse sse2 ss ht tm pbe syscall nx rdtscp lm constant_tsc arch_perfmon pebs bts rep_good nopl xtopology nonstop_tsc aperfmperf eagerfpu pni pclmulqdq dtes64 monitor ds_cpl vmx est tm2 ssse3 cx16 xtpr pdcm pcid sse4_1 sse4_2 x2apic popcnt tsc_deadline_timer xsave avx lahf_lm arat epb xsaveopt pln pts dtherm tpr_shadow vnmi flexpriority ept vpid
bogomips	: 4789.36
clflush size	: 64
cache_alignment	: 64
address sizes	: 36 bits physical, 48 bits virtual
power management:

processor	: 1
vendor_id	: GenuineIntel
cpu family	: 6
model		: 42
model name	: Intel(R) Core(TM) i3-2370M CPU @ 2.40GHz
stepping	: 7
microcode	: 0x26
cpu MHz		: 800.000
cache size	: 3072 KB
physical id	: 0
siblings	: 4
core id		: 1
cpu cores	: 2
apicid		: 2
initial apicid	: 2
fpu		: yes
fpu_exception	: yes
cpuid level	: 13
wp		: yes
flags		: fpu vme de pse tsc msr pae mce cx8 apic sep mtrr pge mca cmov pat pse36 clflush dts acpi mmx fxsr sse sse2 ss ht tm pbe syscall nx rdtscp lm constant_tsc arch_perfmon pebs bts rep_good nopl xtopology nonstop_tsc aperfmperf eagerfpu pni pclmulqdq dtes64 monitor ds_cpl vmx est tm2 ssse3 cx16 xtpr pdcm pcid sse4_1 sse4_2 x2apic popcnt tsc_deadline_timer xsave avx lahf_lm arat epb xsaveopt pln pts dtherm tpr_shadow vnmi flexpriority ept vpid
bogomips	: 4789.36
clflush size	: 64
cache_alignment	: 64
address sizes	: 36 bits physical, 48 bits virtual
power management:

processor	: 2
vendor_id	: GenuineIntel
cpu family	: 6
model		: 42
model name	: Intel(R) Core(TM) i3-2370M CPU @ 2.40GHz
stepping	: 7
microcode	: 0x26
cpu MHz		: 800.000
cache size	: 3072 KB
physical id	: 0
siblings	: 4
core id		: 0
cpu cores	: 2
apicid		: 1
initial apicid	: 1
fpu		: yes
fpu_exception	: yes
cpuid level	: 13
wp		: yes
flags		: fpu vme de pse tsc msr pae mce cx8 apic sep mtrr pge mca cmov pat pse36 clflush dts acpi mmx fxsr sse sse2 ss ht tm pbe syscall nx rdtscp lm constant_tsc arch_perfmon pebs bts rep_good nopl xtopology nonstop_tsc aperfmperf eagerfpu pni pclmulqdq dtes64 monitor ds_cpl vmx est tm2 ssse3 cx16 xtpr pdcm pcid sse4_1 sse4_2 x2apic popcnt tsc_deadline_timer xsave avx lahf_lm arat epb xsaveopt pln pts dtherm tpr_shadow vnmi flexpriority ept vpid
bogomips	: 4789.36
clflush size	: 64
cache_alignment	: 64
address sizes	: 36 bits physical, 48 bits virtual
power management:

processor	: 3
vendor_id	: GenuineIntel
cpu family	: 6
model		: 42
model name	: Intel(R) Core(TM) i3-2370M CPU @ 2.40GHz
stepping	: 7
microcode	: 0x26
cpu MHz		: 800.000
cache size	: 3072 KB
physical id	: 0
siblings	: 4
core id		: 1
cpu cores	: 2
apicid		: 3
initial apicid	: 3
fpu		: yes
fpu_exception	: yes
cpuid level	: 13
wp		: yes
flags		: fpu vme de pse tsc msr pae mce cx8 apic sep mtrr pge mca cmov pat pse36 clflush dts acpi mmx fxsr sse sse2 ss ht tm pbe syscall nx rdtscp lm constant_tsc arch_perfmon pebs bts rep_good nopl xtopology nonstop_tsc aperfmperf eagerfpu pni pclmulqdq dtes64 monitor ds_cpl vmx est tm2 ssse3 cx16 xtpr pdcm pcid sse4_1 sse4_2 x2apic popcnt tsc_deadline_timer xsave avx lahf_lm arat epb xsaveopt pln pts dtherm tpr_shadow vnmi flexpriority ept vpid
bogomips	: 4789.36
clflush size	: 64
cache_alignment	: 64
address sizes	: 36 bits physical, 48 bits virtual
power management:



Memory: 4k page, physical 6001672k(119712k free), swap 6172668k(3056784k free)

vm_info: OpenJDK 64-Bit Server VM (23.7-b01) for linux-amd64 JRE (1.7.0_25-b30), built on Jul  3 2013 13:50:39 by "buildd" with gcc 4.7.3

time: Thu Oct 10 16:23:04 2013
elapsed time: 30 seconds

